<?xml version="1.0" encoding="utf-8"?><testsuites name="pytest tests"><testsuite name="pytest" errors="0" failures="0" skipped="0" tests="10" time="17.215" timestamp="2026-09-09T01:32:16.810359+09:00" hostname="Yatap"><testcase classname="tests.test_e2e_real" name="test_e2e_1_geotiff" time="3.685"><properties><property name="실데이터포맷" value="GeoTIFF" /></properties></testcase><testcase classname="tests.test_e2e_real" name="test_e2e_2_netcdf" time="1.763"><properties><property name="실데이터포맷" value="NetCDF" /></properties></testcase><testcase classname="tests.test_e2e_real" name="test_e2e_3_binary_hsr" time="0.939"><properties><property name="실데이터포맷" value="Binary" /></properties></testcase><testcase classname="tests.test_e2e_real" name="test_e2e_4_hdf4" time="4.062"><properties><property name="실데이터포맷" value="HDF4" /></properties></testcase><testcase classname="tests.test_e2e_real" name="test_e2e_5_HSR_격자_없으면_지도형만_빠지고_값은_완료다" time="0.337" /><testcase classname="tests.test_e2e_real" name="test_e2e_6_변수를_생략하면_viz_render_가_고른다" time="1.127" /><testcase classname="tests.test_e2e_real" name="test_e2e_7_계산_격자가_동봉_격자와_일치한다" time="3.313" /><testcase classname="tests.test_e2e_real" name="test_e2e_8_격자가_없어도_값_미리보기_두_장은_실제로_나온다" time="0.270" /><testcase classname="tests.test_e2e_real" name="test_e2e_9_numpy" time="1.162"><properties><property name="실데이터포맷" value="NumPy" /></properties></testcase><testcase classname="tests.test_e2e_real" name="test_e2e_10_numpy_짝이_아닌_격자를_붙이면_지도형이_안_선다" time="0.320" /></testsuite></testsuites>